{
  message: {
    function: 'GoogleService.uploadFile',
    error: UnknownGoogleError [Unknown Google Error]: Error Desconocido de Google
        at new UnknownGoogleError (webpack-internal:///(rsc)/./src/services/google.errors.ts:84:9)
        at GoogleService.uploadFile (webpack-internal:///(rsc)/./src/services/google.service.ts:81:28)
        at async POST (webpack-internal:///(rsc)/./src/app/api/subir/route.ts:26:30)
        at async C:\Users\Adria\Documents\code\mosapro\heroespandemia\node_modules\next\dist\compiled\next-server\app-route.runtime.dev.js:6:53191
        at async e_.execute (C:\Users\Adria\Documents\code\mosapro\heroespandemia\node_modules\next\dist\compiled\next-server\app-route.runtime.dev.js:6:44492)
        at async e_.handle (C:\Users\Adria\Documents\code\mosapro\heroespandemia\node_modules\next\dist\compiled\next-server\app-route.runtime.dev.js:6:54445)
        at async doRender (C:\Users\Adria\Documents\code\mosapro\heroespandemia\node_modules\next\dist\server\base-server.js:1377:42)
        at async cacheEntry.responseCache.get.routeKind (C:\Users\Adria\Documents\code\mosapro\heroespandemia\node_modules\next\dist\server\base-server.js:1599:28)
        at async DevServer.renderToResponseWithComponentsImpl (C:\Users\Adria\Documents\code\mosapro\heroespandemia\node_modules\next\dist\server\base-server.js:1507:28)
        at async DevServer.renderPageComponent (C:\Users\Adria\Documents\code\mosapro\heroespandemia\node_modules\next\dist\server\base-server.js:1924:24)
        at async DevServer.renderToResponseImpl (C:\Users\Adria\Documents\code\mosapro\heroespandemia\node_modules\next\dist\server\base-server.js:1962:32)
        at async DevServer.pipeImpl (C:\Users\Adria\Documents\code\mosapro\heroespandemia\node_modules\next\dist\server\base-server.js:920:25)
        at async NextNodeServer.handleCatchallRenderRequest (C:\Users\Adria\Documents\code\mosapro\heroespandemia\node_modules\next\dist\server\next-server.js:272:17)
        at async DevServer.handleRequestImpl (C:\Users\Adria\Documents\code\mosapro\heroespandemia\node_modules\next\dist\server\base-server.js:816:17)
        at async C:\Users\Adria\Documents\code\mosapro\heroespandemia\node_modules\next\dist\server\dev\next-dev-server.js:339:20
        at async Span.traceAsyncFn (C:\Users\Adria\Documents\code\mosapro\heroespandemia\node_modules\next\dist\trace\trace.js:154:20)
        at async DevServer.handleRequest (C:\Users\Adria\Documents\code\mosapro\heroespandemia\node_modules\next\dist\server\dev\next-dev-server.js:336:24)
        at async invokeRender (C:\Users\Adria\Documents\code\mosapro\heroespandemia\node_modules\next\dist\server\lib\router-server.js:174:21)
        at async handleRequest (C:\Users\Adria\Documents\code\mosapro\heroespandemia\node_modules\next\dist\server\lib\router-server.js:353:24)
        at async requestHandlerImpl (C:\Users\Adria\Documents\code\mosapro\heroespandemia\node_modules\next\dist\server\lib\router-server.js:377:13)
        at async Server.requestListener (C:\Users\Adria\Documents\code\mosapro\heroespandemia\node_modules\next\dist\server\lib\start-server.js:141:13) {
      ErrorContent: Error: error:1E08010C:DECODER routines::unsupported
          at Sign.sign (node:internal/crypto/sig:128:29)
          at Object.sign (webpack-internal:///(rsc)/./node_modules/jwa/index.js:152:45)
          at Object.jwsSign [as sign] (webpack-internal:///(rsc)/./node_modules/jws/lib/sign-stream.js:32:24)
          at GoogleToken._GoogleToken_requestToken (webpack-internal:///(rsc)/./node_modules/gtoken/build/src/index.js:235:27)
          at GoogleToken._GoogleToken_getTokenAsyncInner (webpack-internal:///(rsc)/./node_modules/gtoken/build/src/index.js:180:97)
          at GoogleToken._GoogleToken_getTokenAsync (webpack-internal:///(rsc)/./node_modules/gtoken/build/src/index.js:160:173)
          at GoogleToken.getToken (webpack-internal:///(rsc)/./node_modules/gtoken/build/src/index.js:110:102)
          at JWT.refreshTokenNoCache (webpack-internal:///(rsc)/./node_modules/google-auth-library/build/src/auth/jwtclient.js:173:36)
          at JWT.refreshToken (webpack-internal:///(rsc)/./node_modules/google-auth-library/build/src/auth/oauth2client.js:166:24)
          at JWT.getRequestMetadataAsync (webpack-internal:///(rsc)/./node_modules/google-auth-library/build/src/auth/oauth2client.js:312:28)
          at JWT.getRequestMetadataAsync (webpack-internal:///(rsc)/./node_modules/google-auth-library/build/src/auth/jwtclient.js:95:26)
          at JWT.requestAsync (webpack-internal:///(rsc)/./node_modules/google-auth-library/build/src/auth/oauth2client.js:397:34)
          at JWT.request (webpack-internal:///(rsc)/./node_modules/google-auth-library/build/src/auth/oauth2client.js:391:25)
          at GoogleAuth.request (webpack-internal:///(rsc)/./node_modules/google-auth-library/build/src/auth/googleauth.js:749:23) {
        library: 'DECODER routines',
        reason: 'unsupported',
        code: 'ERR_OSSL_UNSUPPORTED'
      },
      code: 1000,
      text: 'Error Desconocido de Google'
    }
  },
  level: 'error'
}
{
  message: {
    function: 'GoogleService.uploadFile',
    error: UnknownGoogleError [Unknown Google Error]: Error Desconocido de Google
        at new UnknownGoogleError (webpack-internal:///(rsc)/./src/services/google.errors.ts:84:9)
        at GoogleService.uploadFile (webpack-internal:///(rsc)/./src/services/google.service.ts:82:28)
        at async POST (webpack-internal:///(rsc)/./src/app/api/subir/route.ts:26:30)
        at async C:\Users\Adria\Documents\code\mosapro\heroespandemia\node_modules\next\dist\compiled\next-server\app-route.runtime.dev.js:6:53191
        at async e_.execute (C:\Users\Adria\Documents\code\mosapro\heroespandemia\node_modules\next\dist\compiled\next-server\app-route.runtime.dev.js:6:44492)
        at async e_.handle (C:\Users\Adria\Documents\code\mosapro\heroespandemia\node_modules\next\dist\compiled\next-server\app-route.runtime.dev.js:6:54445)
        at async doRender (C:\Users\Adria\Documents\code\mosapro\heroespandemia\node_modules\next\dist\server\base-server.js:1377:42)
        at async cacheEntry.responseCache.get.routeKind (C:\Users\Adria\Documents\code\mosapro\heroespandemia\node_modules\next\dist\server\base-server.js:1599:28)
        at async DevServer.renderToResponseWithComponentsImpl (C:\Users\Adria\Documents\code\mosapro\heroespandemia\node_modules\next\dist\server\base-server.js:1507:28)
        at async DevServer.renderPageComponent (C:\Users\Adria\Documents\code\mosapro\heroespandemia\node_modules\next\dist\server\base-server.js:1924:24)
        at async DevServer.renderToResponseImpl (C:\Users\Adria\Documents\code\mosapro\heroespandemia\node_modules\next\dist\server\base-server.js:1962:32)
        at async DevServer.pipeImpl (C:\Users\Adria\Documents\code\mosapro\heroespandemia\node_modules\next\dist\server\base-server.js:920:25)
        at async NextNodeServer.handleCatchallRenderRequest (C:\Users\Adria\Documents\code\mosapro\heroespandemia\node_modules\next\dist\server\next-server.js:272:17)
        at async DevServer.handleRequestImpl (C:\Users\Adria\Documents\code\mosapro\heroespandemia\node_modules\next\dist\server\base-server.js:816:17)
        at async C:\Users\Adria\Documents\code\mosapro\heroespandemia\node_modules\next\dist\server\dev\next-dev-server.js:339:20
        at async Span.traceAsyncFn (C:\Users\Adria\Documents\code\mosapro\heroespandemia\node_modules\next\dist\trace\trace.js:154:20)
        at async DevServer.handleRequest (C:\Users\Adria\Documents\code\mosapro\heroespandemia\node_modules\next\dist\server\dev\next-dev-server.js:336:24)
        at async invokeRender (C:\Users\Adria\Documents\code\mosapro\heroespandemia\node_modules\next\dist\server\lib\router-server.js:174:21)
        at async handleRequest (C:\Users\Adria\Documents\code\mosapro\heroespandemia\node_modules\next\dist\server\lib\router-server.js:353:24)
        at async requestHandlerImpl (C:\Users\Adria\Documents\code\mosapro\heroespandemia\node_modules\next\dist\server\lib\router-server.js:377:13)
        at async Server.requestListener (C:\Users\Adria\Documents\code\mosapro\heroespandemia\node_modules\next\dist\server\lib\start-server.js:141:13) {
      ErrorContent: Error: error:1E08010C:DECODER routines::unsupported
          at Sign.sign (node:internal/crypto/sig:128:29)
          at Object.sign (webpack-internal:///(rsc)/./node_modules/jwa/index.js:152:45)
          at Object.jwsSign [as sign] (webpack-internal:///(rsc)/./node_modules/jws/lib/sign-stream.js:32:24)
          at GoogleToken._GoogleToken_requestToken (webpack-internal:///(rsc)/./node_modules/gtoken/build/src/index.js:235:27)
          at GoogleToken._GoogleToken_getTokenAsyncInner (webpack-internal:///(rsc)/./node_modules/gtoken/build/src/index.js:180:97)
          at GoogleToken._GoogleToken_getTokenAsync (webpack-internal:///(rsc)/./node_modules/gtoken/build/src/index.js:160:173)
          at GoogleToken.getToken (webpack-internal:///(rsc)/./node_modules/gtoken/build/src/index.js:110:102)
          at JWT.refreshTokenNoCache (webpack-internal:///(rsc)/./node_modules/google-auth-library/build/src/auth/jwtclient.js:173:36)
          at JWT.refreshToken (webpack-internal:///(rsc)/./node_modules/google-auth-library/build/src/auth/oauth2client.js:166:24)
          at JWT.getRequestMetadataAsync (webpack-internal:///(rsc)/./node_modules/google-auth-library/build/src/auth/oauth2client.js:312:28)
          at JWT.getRequestMetadataAsync (webpack-internal:///(rsc)/./node_modules/google-auth-library/build/src/auth/jwtclient.js:95:26)
          at JWT.requestAsync (webpack-internal:///(rsc)/./node_modules/google-auth-library/build/src/auth/oauth2client.js:397:34)
          at JWT.request (webpack-internal:///(rsc)/./node_modules/google-auth-library/build/src/auth/oauth2client.js:391:25)
          at GoogleAuth.request (webpack-internal:///(rsc)/./node_modules/google-auth-library/build/src/auth/googleauth.js:749:23) {
        library: 'DECODER routines',
        reason: 'unsupported',
        code: 'ERR_OSSL_UNSUPPORTED'
      },
      code: 1000,
      text: 'Error Desconocido de Google'
    }
  },
  level: 'error'
}
{
  message: {
    function: 'GoogleService.uploadFile',
    error: UnknownGoogleError [Unknown Google Error]: Error Desconocido de Google
        at new UnknownGoogleError (webpack-internal:///(rsc)/./src/services/google.errors.ts:84:9)
        at GoogleService.uploadFile (webpack-internal:///(rsc)/./src/services/google.service.ts:76:28)
        at async POST (webpack-internal:///(rsc)/./src/app/api/subir/route.ts:26:30)
        at async C:\Users\Adria\Documents\code\mosapro\heroespandemia\node_modules\next\dist\compiled\next-server\app-route.runtime.dev.js:6:53191
        at async e_.execute (C:\Users\Adria\Documents\code\mosapro\heroespandemia\node_modules\next\dist\compiled\next-server\app-route.runtime.dev.js:6:44492)
        at async e_.handle (C:\Users\Adria\Documents\code\mosapro\heroespandemia\node_modules\next\dist\compiled\next-server\app-route.runtime.dev.js:6:54445)
        at async doRender (C:\Users\Adria\Documents\code\mosapro\heroespandemia\node_modules\next\dist\server\base-server.js:1377:42)
        at async cacheEntry.responseCache.get.routeKind (C:\Users\Adria\Documents\code\mosapro\heroespandemia\node_modules\next\dist\server\base-server.js:1599:28)
        at async DevServer.renderToResponseWithComponentsImpl (C:\Users\Adria\Documents\code\mosapro\heroespandemia\node_modules\next\dist\server\base-server.js:1507:28)
        at async DevServer.renderPageComponent (C:\Users\Adria\Documents\code\mosapro\heroespandemia\node_modules\next\dist\server\base-server.js:1924:24)
        at async DevServer.renderToResponseImpl (C:\Users\Adria\Documents\code\mosapro\heroespandemia\node_modules\next\dist\server\base-server.js:1962:32)
        at async DevServer.pipeImpl (C:\Users\Adria\Documents\code\mosapro\heroespandemia\node_modules\next\dist\server\base-server.js:920:25)
        at async NextNodeServer.handleCatchallRenderRequest (C:\Users\Adria\Documents\code\mosapro\heroespandemia\node_modules\next\dist\server\next-server.js:272:17)
        at async DevServer.handleRequestImpl (C:\Users\Adria\Documents\code\mosapro\heroespandemia\node_modules\next\dist\server\base-server.js:816:17)
        at async C:\Users\Adria\Documents\code\mosapro\heroespandemia\node_modules\next\dist\server\dev\next-dev-server.js:339:20
        at async Span.traceAsyncFn (C:\Users\Adria\Documents\code\mosapro\heroespandemia\node_modules\next\dist\trace\trace.js:154:20)
        at async DevServer.handleRequest (C:\Users\Adria\Documents\code\mosapro\heroespandemia\node_modules\next\dist\server\dev\next-dev-server.js:336:24)
        at async invokeRender (C:\Users\Adria\Documents\code\mosapro\heroespandemia\node_modules\next\dist\server\lib\router-server.js:174:21)
        at async handleRequest (C:\Users\Adria\Documents\code\mosapro\heroespandemia\node_modules\next\dist\server\lib\router-server.js:353:24)
        at async requestHandlerImpl (C:\Users\Adria\Documents\code\mosapro\heroespandemia\node_modules\next\dist\server\lib\router-server.js:377:13)
        at async Server.requestListener (C:\Users\Adria\Documents\code\mosapro\heroespandemia\node_modules\next\dist\server\lib\start-server.js:141:13) {
      ErrorContent: Error: error:1E08010C:DECODER routines::unsupported
          at Sign.sign (node:internal/crypto/sig:128:29)
          at Object.sign (webpack-internal:///(rsc)/./node_modules/jwa/index.js:152:45)
          at Object.jwsSign [as sign] (webpack-internal:///(rsc)/./node_modules/jws/lib/sign-stream.js:32:24)
          at GoogleToken._GoogleToken_requestToken (webpack-internal:///(rsc)/./node_modules/gtoken/build/src/index.js:235:27)
          at GoogleToken._GoogleToken_getTokenAsyncInner (webpack-internal:///(rsc)/./node_modules/gtoken/build/src/index.js:180:97)
          at GoogleToken._GoogleToken_getTokenAsync (webpack-internal:///(rsc)/./node_modules/gtoken/build/src/index.js:160:173)
          at GoogleToken.getToken (webpack-internal:///(rsc)/./node_modules/gtoken/build/src/index.js:110:102)
          at JWT.refreshTokenNoCache (webpack-internal:///(rsc)/./node_modules/google-auth-library/build/src/auth/jwtclient.js:173:36)
          at JWT.refreshToken (webpack-internal:///(rsc)/./node_modules/google-auth-library/build/src/auth/oauth2client.js:166:24)
          at JWT.getRequestMetadataAsync (webpack-internal:///(rsc)/./node_modules/google-auth-library/build/src/auth/oauth2client.js:312:28)
          at JWT.getRequestMetadataAsync (webpack-internal:///(rsc)/./node_modules/google-auth-library/build/src/auth/jwtclient.js:95:26)
          at JWT.requestAsync (webpack-internal:///(rsc)/./node_modules/google-auth-library/build/src/auth/oauth2client.js:397:34)
          at JWT.request (webpack-internal:///(rsc)/./node_modules/google-auth-library/build/src/auth/oauth2client.js:391:25)
          at GoogleAuth.request (webpack-internal:///(rsc)/./node_modules/google-auth-library/build/src/auth/googleauth.js:749:23) {
        library: 'DECODER routines',
        reason: 'unsupported',
        code: 'ERR_OSSL_UNSUPPORTED'
      },
      code: 1000,
      text: 'Error Desconocido de Google'
    }
  },
  level: 'error'
}
{
  message: {
    function: 'GoogleService.uploadFile',
    error: UnknownGoogleError [Unknown Google Error]: Error Desconocido de Google
        at new UnknownGoogleError (webpack-internal:///(rsc)/./src/services/google.errors.ts:84:9)
        at GoogleService.uploadFile (webpack-internal:///(rsc)/./src/services/google.service.ts:76:28)
        at async POST (webpack-internal:///(rsc)/./src/app/api/subir/route.ts:26:30)
        at async C:\Users\Adria\Documents\code\mosapro\heroespandemia\node_modules\next\dist\compiled\next-server\app-route.runtime.dev.js:6:53191
        at async e_.execute (C:\Users\Adria\Documents\code\mosapro\heroespandemia\node_modules\next\dist\compiled\next-server\app-route.runtime.dev.js:6:44492)
        at async e_.handle (C:\Users\Adria\Documents\code\mosapro\heroespandemia\node_modules\next\dist\compiled\next-server\app-route.runtime.dev.js:6:54445)
        at async doRender (C:\Users\Adria\Documents\code\mosapro\heroespandemia\node_modules\next\dist\server\base-server.js:1377:42)
        at async cacheEntry.responseCache.get.routeKind (C:\Users\Adria\Documents\code\mosapro\heroespandemia\node_modules\next\dist\server\base-server.js:1599:28)
        at async DevServer.renderToResponseWithComponentsImpl (C:\Users\Adria\Documents\code\mosapro\heroespandemia\node_modules\next\dist\server\base-server.js:1507:28)
        at async DevServer.renderPageComponent (C:\Users\Adria\Documents\code\mosapro\heroespandemia\node_modules\next\dist\server\base-server.js:1924:24)
        at async DevServer.renderToResponseImpl (C:\Users\Adria\Documents\code\mosapro\heroespandemia\node_modules\next\dist\server\base-server.js:1962:32)
        at async DevServer.pipeImpl (C:\Users\Adria\Documents\code\mosapro\heroespandemia\node_modules\next\dist\server\base-server.js:920:25)
        at async NextNodeServer.handleCatchallRenderRequest (C:\Users\Adria\Documents\code\mosapro\heroespandemia\node_modules\next\dist\server\next-server.js:272:17)
        at async DevServer.handleRequestImpl (C:\Users\Adria\Documents\code\mosapro\heroespandemia\node_modules\next\dist\server\base-server.js:816:17)
        at async C:\Users\Adria\Documents\code\mosapro\heroespandemia\node_modules\next\dist\server\dev\next-dev-server.js:339:20
        at async Span.traceAsyncFn (C:\Users\Adria\Documents\code\mosapro\heroespandemia\node_modules\next\dist\trace\trace.js:154:20)
        at async DevServer.handleRequest (C:\Users\Adria\Documents\code\mosapro\heroespandemia\node_modules\next\dist\server\dev\next-dev-server.js:336:24)
        at async invokeRender (C:\Users\Adria\Documents\code\mosapro\heroespandemia\node_modules\next\dist\server\lib\router-server.js:174:21)
        at async handleRequest (C:\Users\Adria\Documents\code\mosapro\heroespandemia\node_modules\next\dist\server\lib\router-server.js:353:24)
        at async requestHandlerImpl (C:\Users\Adria\Documents\code\mosapro\heroespandemia\node_modules\next\dist\server\lib\router-server.js:377:13)
        at async Server.requestListener (C:\Users\Adria\Documents\code\mosapro\heroespandemia\node_modules\next\dist\server\lib\start-server.js:141:13) {
      ErrorContent: Error: error:1E08010C:DECODER routines::unsupported
          at Sign.sign (node:internal/crypto/sig:128:29)
          at Object.sign (webpack-internal:///(rsc)/./node_modules/jwa/index.js:152:45)
          at Object.jwsSign [as sign] (webpack-internal:///(rsc)/./node_modules/jws/lib/sign-stream.js:32:24)
          at GoogleToken._GoogleToken_requestToken (webpack-internal:///(rsc)/./node_modules/gtoken/build/src/index.js:235:27)
          at GoogleToken._GoogleToken_getTokenAsyncInner (webpack-internal:///(rsc)/./node_modules/gtoken/build/src/index.js:180:97)
          at GoogleToken._GoogleToken_getTokenAsync (webpack-internal:///(rsc)/./node_modules/gtoken/build/src/index.js:160:173)
          at GoogleToken.getToken (webpack-internal:///(rsc)/./node_modules/gtoken/build/src/index.js:110:102)
          at JWT.refreshTokenNoCache (webpack-internal:///(rsc)/./node_modules/google-auth-library/build/src/auth/jwtclient.js:173:36)
          at JWT.refreshToken (webpack-internal:///(rsc)/./node_modules/google-auth-library/build/src/auth/oauth2client.js:166:24)
          at JWT.getRequestMetadataAsync (webpack-internal:///(rsc)/./node_modules/google-auth-library/build/src/auth/oauth2client.js:312:28)
          at JWT.getRequestMetadataAsync (webpack-internal:///(rsc)/./node_modules/google-auth-library/build/src/auth/jwtclient.js:95:26)
          at JWT.requestAsync (webpack-internal:///(rsc)/./node_modules/google-auth-library/build/src/auth/oauth2client.js:397:34)
          at JWT.request (webpack-internal:///(rsc)/./node_modules/google-auth-library/build/src/auth/oauth2client.js:391:25)
          at GoogleAuth.request (webpack-internal:///(rsc)/./node_modules/google-auth-library/build/src/auth/googleauth.js:749:23) {
        library: 'DECODER routines',
        reason: 'unsupported',
        code: 'ERR_OSSL_UNSUPPORTED'
      },
      code: 1000,
      text: 'Error Desconocido de Google'
    }
  },
  level: 'error'
}
{
  message: {
    function: 'GoogleService.uploadFile',
    error: UnknownGoogleError [Unknown Google Error]: Error Desconocido de Google
        at new UnknownGoogleError (webpack-internal:///(rsc)/./src/services/google.errors.ts:84:9)
        at GoogleService.uploadFile (webpack-internal:///(rsc)/./src/services/google.service.ts:77:28)
        at async POST (webpack-internal:///(rsc)/./src/app/api/subir/route.ts:26:30)
        at async C:\Users\Adria\Documents\code\mosapro\heroespandemia\node_modules\next\dist\compiled\next-server\app-route.runtime.dev.js:6:53191
        at async e_.execute (C:\Users\Adria\Documents\code\mosapro\heroespandemia\node_modules\next\dist\compiled\next-server\app-route.runtime.dev.js:6:44492)
        at async e_.handle (C:\Users\Adria\Documents\code\mosapro\heroespandemia\node_modules\next\dist\compiled\next-server\app-route.runtime.dev.js:6:54445)
        at async doRender (C:\Users\Adria\Documents\code\mosapro\heroespandemia\node_modules\next\dist\server\base-server.js:1377:42)
        at async cacheEntry.responseCache.get.routeKind (C:\Users\Adria\Documents\code\mosapro\heroespandemia\node_modules\next\dist\server\base-server.js:1599:28)
        at async DevServer.renderToResponseWithComponentsImpl (C:\Users\Adria\Documents\code\mosapro\heroespandemia\node_modules\next\dist\server\base-server.js:1507:28)
        at async DevServer.renderPageComponent (C:\Users\Adria\Documents\code\mosapro\heroespandemia\node_modules\next\dist\server\base-server.js:1924:24)
        at async DevServer.renderToResponseImpl (C:\Users\Adria\Documents\code\mosapro\heroespandemia\node_modules\next\dist\server\base-server.js:1962:32)
        at async DevServer.pipeImpl (C:\Users\Adria\Documents\code\mosapro\heroespandemia\node_modules\next\dist\server\base-server.js:920:25)
        at async NextNodeServer.handleCatchallRenderRequest (C:\Users\Adria\Documents\code\mosapro\heroespandemia\node_modules\next\dist\server\next-server.js:272:17)
        at async DevServer.handleRequestImpl (C:\Users\Adria\Documents\code\mosapro\heroespandemia\node_modules\next\dist\server\base-server.js:816:17)
        at async C:\Users\Adria\Documents\code\mosapro\heroespandemia\node_modules\next\dist\server\dev\next-dev-server.js:339:20
        at async Span.traceAsyncFn (C:\Users\Adria\Documents\code\mosapro\heroespandemia\node_modules\next\dist\trace\trace.js:154:20)
        at async DevServer.handleRequest (C:\Users\Adria\Documents\code\mosapro\heroespandemia\node_modules\next\dist\server\dev\next-dev-server.js:336:24)
        at async invokeRender (C:\Users\Adria\Documents\code\mosapro\heroespandemia\node_modules\next\dist\server\lib\router-server.js:174:21)
        at async handleRequest (C:\Users\Adria\Documents\code\mosapro\heroespandemia\node_modules\next\dist\server\lib\router-server.js:353:24)
        at async requestHandlerImpl (C:\Users\Adria\Documents\code\mosapro\heroespandemia\node_modules\next\dist\server\lib\router-server.js:377:13)
        at async Server.requestListener (C:\Users\Adria\Documents\code\mosapro\heroespandemia\node_modules\next\dist\server\lib\start-server.js:141:13) {
      ErrorContent: SyntaxError: Unexpected token 'e', "ew0KICAgIC"... is not valid JSON
          at JSON.parse (<anonymous>)
          at GoogleService.initiateService (webpack-internal:///(rsc)/./src/services/google.service.ts:27:27)
          at GoogleService.uploadFile (webpack-internal:///(rsc)/./src/services/google.service.ts:46:68)
          at POST (webpack-internal:///(rsc)/./src/app/api/subir/route.ts:26:104)
          at async C:\Users\Adria\Documents\code\mosapro\heroespandemia\node_modules\next\dist\compiled\next-server\app-route.runtime.dev.js:6:53191
          at async e_.execute (C:\Users\Adria\Documents\code\mosapro\heroespandemia\node_modules\next\dist\compiled\next-server\app-route.runtime.dev.js:6:44492)
          at async e_.handle (C:\Users\Adria\Documents\code\mosapro\heroespandemia\node_modules\next\dist\compiled\next-server\app-route.runtime.dev.js:6:54445)
          at async doRender (C:\Users\Adria\Documents\code\mosapro\heroespandemia\node_modules\next\dist\server\base-server.js:1377:42)
          at async cacheEntry.responseCache.get.routeKind (C:\Users\Adria\Documents\code\mosapro\heroespandemia\node_modules\next\dist\server\base-server.js:1599:28)
          at async DevServer.renderToResponseWithComponentsImpl (C:\Users\Adria\Documents\code\mosapro\heroespandemia\node_modules\next\dist\server\base-server.js:1507:28)
          at async DevServer.renderPageComponent (C:\Users\Adria\Documents\code\mosapro\heroespandemia\node_modules\next\dist\server\base-server.js:1924:24)
          at async DevServer.renderToResponseImpl (C:\Users\Adria\Documents\code\mosapro\heroespandemia\node_modules\next\dist\server\base-server.js:1962:32)
          at async DevServer.pipeImpl (C:\Users\Adria\Documents\code\mosapro\heroespandemia\node_modules\next\dist\server\base-server.js:920:25)
          at async NextNodeServer.handleCatchallRenderRequest (C:\Users\Adria\Documents\code\mosapro\heroespandemia\node_modules\next\dist\server\next-server.js:272:17)
          at async DevServer.handleRequestImpl (C:\Users\Adria\Documents\code\mosapro\heroespandemia\node_modules\next\dist\server\base-server.js:816:17)
          at async C:\Users\Adria\Documents\code\mosapro\heroespandemia\node_modules\next\dist\server\dev\next-dev-server.js:339:20
          at async Span.traceAsyncFn (C:\Users\Adria\Documents\code\mosapro\heroespandemia\node_modules\next\dist\trace\trace.js:154:20)
          at async DevServer.handleRequest (C:\Users\Adria\Documents\code\mosapro\heroespandemia\node_modules\next\dist\server\dev\next-dev-server.js:336:24)
          at async invokeRender (C:\Users\Adria\Documents\code\mosapro\heroespandemia\node_modules\next\dist\server\lib\router-server.js:174:21)
          at async handleRequest (C:\Users\Adria\Documents\code\mosapro\heroespandemia\node_modules\next\dist\server\lib\router-server.js:353:24)
          at async requestHandlerImpl (C:\Users\Adria\Documents\code\mosapro\heroespandemia\node_modules\next\dist\server\lib\router-server.js:377:13)
          at async Server.requestListener (C:\Users\Adria\Documents\code\mosapro\heroespandemia\node_modules\next\dist\server\lib\start-server.js:141:13),
      code: 1000,
      text: 'Error Desconocido de Google'
    }
  },
  level: 'error'
}
{
  message: {
    function: 'GoogleService.uploadFile',
    error: UnknownGoogleError [Unknown Google Error]: Error Desconocido de Google
        at new UnknownGoogleError (webpack-internal:///(rsc)/./src/services/google.errors.ts:84:9)
        at GoogleService.uploadFile (webpack-internal:///(rsc)/./src/services/google.service.ts:77:28)
        at async POST (webpack-internal:///(rsc)/./src/app/api/subir/route.ts:26:30)
        at async C:\Users\Adria\Documents\code\mosapro\heroespandemia\node_modules\next\dist\compiled\next-server\app-route.runtime.dev.js:6:53191
        at async e_.execute (C:\Users\Adria\Documents\code\mosapro\heroespandemia\node_modules\next\dist\compiled\next-server\app-route.runtime.dev.js:6:44492)
        at async e_.handle (C:\Users\Adria\Documents\code\mosapro\heroespandemia\node_modules\next\dist\compiled\next-server\app-route.runtime.dev.js:6:54445)
        at async doRender (C:\Users\Adria\Documents\code\mosapro\heroespandemia\node_modules\next\dist\server\base-server.js:1377:42)
        at async cacheEntry.responseCache.get.routeKind (C:\Users\Adria\Documents\code\mosapro\heroespandemia\node_modules\next\dist\server\base-server.js:1599:28)
        at async DevServer.renderToResponseWithComponentsImpl (C:\Users\Adria\Documents\code\mosapro\heroespandemia\node_modules\next\dist\server\base-server.js:1507:28)
        at async DevServer.renderPageComponent (C:\Users\Adria\Documents\code\mosapro\heroespandemia\node_modules\next\dist\server\base-server.js:1924:24)
        at async DevServer.renderToResponseImpl (C:\Users\Adria\Documents\code\mosapro\heroespandemia\node_modules\next\dist\server\base-server.js:1962:32)
        at async DevServer.pipeImpl (C:\Users\Adria\Documents\code\mosapro\heroespandemia\node_modules\next\dist\server\base-server.js:920:25)
        at async NextNodeServer.handleCatchallRenderRequest (C:\Users\Adria\Documents\code\mosapro\heroespandemia\node_modules\next\dist\server\next-server.js:272:17)
        at async DevServer.handleRequestImpl (C:\Users\Adria\Documents\code\mosapro\heroespandemia\node_modules\next\dist\server\base-server.js:816:17)
        at async C:\Users\Adria\Documents\code\mosapro\heroespandemia\node_modules\next\dist\server\dev\next-dev-server.js:339:20
        at async Span.traceAsyncFn (C:\Users\Adria\Documents\code\mosapro\heroespandemia\node_modules\next\dist\trace\trace.js:154:20)
        at async DevServer.handleRequest (C:\Users\Adria\Documents\code\mosapro\heroespandemia\node_modules\next\dist\server\dev\next-dev-server.js:336:24)
        at async invokeRender (C:\Users\Adria\Documents\code\mosapro\heroespandemia\node_modules\next\dist\server\lib\router-server.js:174:21)
        at async handleRequest (C:\Users\Adria\Documents\code\mosapro\heroespandemia\node_modules\next\dist\server\lib\router-server.js:353:24)
        at async requestHandlerImpl (C:\Users\Adria\Documents\code\mosapro\heroespandemia\node_modules\next\dist\server\lib\router-server.js:377:13)
        at async Server.requestListener (C:\Users\Adria\Documents\code\mosapro\heroespandemia\node_modules\next\dist\server\lib\start-server.js:141:13) {
      ErrorContent: SyntaxError: Unexpected token 'e', "ew0KICAgIC"... is not valid JSON
          at JSON.parse (<anonymous>)
          at GoogleService.initiateService (webpack-internal:///(rsc)/./src/services/google.service.ts:27:27)
          at GoogleService.uploadFile (webpack-internal:///(rsc)/./src/services/google.service.ts:46:68)
          at POST (webpack-internal:///(rsc)/./src/app/api/subir/route.ts:26:104)
          at async C:\Users\Adria\Documents\code\mosapro\heroespandemia\node_modules\next\dist\compiled\next-server\app-route.runtime.dev.js:6:53191
          at async e_.execute (C:\Users\Adria\Documents\code\mosapro\heroespandemia\node_modules\next\dist\compiled\next-server\app-route.runtime.dev.js:6:44492)
          at async e_.handle (C:\Users\Adria\Documents\code\mosapro\heroespandemia\node_modules\next\dist\compiled\next-server\app-route.runtime.dev.js:6:54445)
          at async doRender (C:\Users\Adria\Documents\code\mosapro\heroespandemia\node_modules\next\dist\server\base-server.js:1377:42)
          at async cacheEntry.responseCache.get.routeKind (C:\Users\Adria\Documents\code\mosapro\heroespandemia\node_modules\next\dist\server\base-server.js:1599:28)
          at async DevServer.renderToResponseWithComponentsImpl (C:\Users\Adria\Documents\code\mosapro\heroespandemia\node_modules\next\dist\server\base-server.js:1507:28)
          at async DevServer.renderPageComponent (C:\Users\Adria\Documents\code\mosapro\heroespandemia\node_modules\next\dist\server\base-server.js:1924:24)
          at async DevServer.renderToResponseImpl (C:\Users\Adria\Documents\code\mosapro\heroespandemia\node_modules\next\dist\server\base-server.js:1962:32)
          at async DevServer.pipeImpl (C:\Users\Adria\Documents\code\mosapro\heroespandemia\node_modules\next\dist\server\base-server.js:920:25)
          at async NextNodeServer.handleCatchallRenderRequest (C:\Users\Adria\Documents\code\mosapro\heroespandemia\node_modules\next\dist\server\next-server.js:272:17)
          at async DevServer.handleRequestImpl (C:\Users\Adria\Documents\code\mosapro\heroespandemia\node_modules\next\dist\server\base-server.js:816:17)
          at async C:\Users\Adria\Documents\code\mosapro\heroespandemia\node_modules\next\dist\server\dev\next-dev-server.js:339:20
          at async Span.traceAsyncFn (C:\Users\Adria\Documents\code\mosapro\heroespandemia\node_modules\next\dist\trace\trace.js:154:20)
          at async DevServer.handleRequest (C:\Users\Adria\Documents\code\mosapro\heroespandemia\node_modules\next\dist\server\dev\next-dev-server.js:336:24)
          at async invokeRender (C:\Users\Adria\Documents\code\mosapro\heroespandemia\node_modules\next\dist\server\lib\router-server.js:174:21)
          at async handleRequest (C:\Users\Adria\Documents\code\mosapro\heroespandemia\node_modules\next\dist\server\lib\router-server.js:353:24)
          at async requestHandlerImpl (C:\Users\Adria\Documents\code\mosapro\heroespandemia\node_modules\next\dist\server\lib\router-server.js:377:13)
          at async Server.requestListener (C:\Users\Adria\Documents\code\mosapro\heroespandemia\node_modules\next\dist\server\lib\start-server.js:141:13),
      code: 1000,
      text: 'Error Desconocido de Google'
    }
  },
  level: 'error'
}
{
  message: {
    function: 'GoogleService.uploadFile',
    error: UnknownGoogleError [Unknown Google Error]: Error Desconocido de Google
        at new UnknownGoogleError (webpack-internal:///(rsc)/./src/services/google.errors.ts:84:9)
        at GoogleService.uploadFile (webpack-internal:///(rsc)/./src/services/google.service.ts:77:28)
        at async POST (webpack-internal:///(rsc)/./src/app/api/subir/route.ts:26:30)
        at async C:\Users\Adria\Documents\code\mosapro\heroespandemia\node_modules\next\dist\compiled\next-server\app-route.runtime.dev.js:6:53191
        at async e_.execute (C:\Users\Adria\Documents\code\mosapro\heroespandemia\node_modules\next\dist\compiled\next-server\app-route.runtime.dev.js:6:44492)
        at async e_.handle (C:\Users\Adria\Documents\code\mosapro\heroespandemia\node_modules\next\dist\compiled\next-server\app-route.runtime.dev.js:6:54445)
        at async doRender (C:\Users\Adria\Documents\code\mosapro\heroespandemia\node_modules\next\dist\server\base-server.js:1377:42)
        at async cacheEntry.responseCache.get.routeKind (C:\Users\Adria\Documents\code\mosapro\heroespandemia\node_modules\next\dist\server\base-server.js:1599:28)
        at async DevServer.renderToResponseWithComponentsImpl (C:\Users\Adria\Documents\code\mosapro\heroespandemia\node_modules\next\dist\server\base-server.js:1507:28)
        at async DevServer.renderPageComponent (C:\Users\Adria\Documents\code\mosapro\heroespandemia\node_modules\next\dist\server\base-server.js:1924:24)
        at async DevServer.renderToResponseImpl (C:\Users\Adria\Documents\code\mosapro\heroespandemia\node_modules\next\dist\server\base-server.js:1962:32)
        at async DevServer.pipeImpl (C:\Users\Adria\Documents\code\mosapro\heroespandemia\node_modules\next\dist\server\base-server.js:920:25)
        at async NextNodeServer.handleCatchallRenderRequest (C:\Users\Adria\Documents\code\mosapro\heroespandemia\node_modules\next\dist\server\next-server.js:272:17)
        at async DevServer.handleRequestImpl (C:\Users\Adria\Documents\code\mosapro\heroespandemia\node_modules\next\dist\server\base-server.js:816:17)
        at async C:\Users\Adria\Documents\code\mosapro\heroespandemia\node_modules\next\dist\server\dev\next-dev-server.js:339:20
        at async Span.traceAsyncFn (C:\Users\Adria\Documents\code\mosapro\heroespandemia\node_modules\next\dist\trace\trace.js:154:20)
        at async DevServer.handleRequest (C:\Users\Adria\Documents\code\mosapro\heroespandemia\node_modules\next\dist\server\dev\next-dev-server.js:336:24)
        at async invokeRender (C:\Users\Adria\Documents\code\mosapro\heroespandemia\node_modules\next\dist\server\lib\router-server.js:174:21)
        at async handleRequest (C:\Users\Adria\Documents\code\mosapro\heroespandemia\node_modules\next\dist\server\lib\router-server.js:353:24)
        at async requestHandlerImpl (C:\Users\Adria\Documents\code\mosapro\heroespandemia\node_modules\next\dist\server\lib\router-server.js:377:13)
        at async Server.requestListener (C:\Users\Adria\Documents\code\mosapro\heroespandemia\node_modules\next\dist\server\lib\start-server.js:141:13) {
      ErrorContent: Error: error:1E08010C:DECODER routines::unsupported
          at Sign.sign (node:internal/crypto/sig:128:29)
          at Object.sign (webpack-internal:///(rsc)/./node_modules/jwa/index.js:152:45)
          at Object.jwsSign [as sign] (webpack-internal:///(rsc)/./node_modules/jws/lib/sign-stream.js:32:24)
          at GoogleToken._GoogleToken_requestToken (webpack-internal:///(rsc)/./node_modules/gtoken/build/src/index.js:235:27)
          at GoogleToken._GoogleToken_getTokenAsyncInner (webpack-internal:///(rsc)/./node_modules/gtoken/build/src/index.js:180:97)
          at GoogleToken._GoogleToken_getTokenAsync (webpack-internal:///(rsc)/./node_modules/gtoken/build/src/index.js:160:173)
          at GoogleToken.getToken (webpack-internal:///(rsc)/./node_modules/gtoken/build/src/index.js:110:102)
          at JWT.refreshTokenNoCache (webpack-internal:///(rsc)/./node_modules/google-auth-library/build/src/auth/jwtclient.js:173:36)
          at JWT.refreshToken (webpack-internal:///(rsc)/./node_modules/google-auth-library/build/src/auth/oauth2client.js:166:24)
          at JWT.getRequestMetadataAsync (webpack-internal:///(rsc)/./node_modules/google-auth-library/build/src/auth/oauth2client.js:312:28)
          at JWT.getRequestMetadataAsync (webpack-internal:///(rsc)/./node_modules/google-auth-library/build/src/auth/jwtclient.js:95:26)
          at JWT.requestAsync (webpack-internal:///(rsc)/./node_modules/google-auth-library/build/src/auth/oauth2client.js:397:34)
          at JWT.request (webpack-internal:///(rsc)/./node_modules/google-auth-library/build/src/auth/oauth2client.js:391:25)
          at GoogleAuth.request (webpack-internal:///(rsc)/./node_modules/google-auth-library/build/src/auth/googleauth.js:749:23) {
        library: 'DECODER routines',
        reason: 'unsupported',
        code: 'ERR_OSSL_UNSUPPORTED'
      },
      code: 1000,
      text: 'Error Desconocido de Google'
    }
  },
  level: 'error'
}
